<?xml version="1.0" encoding="UTF-8"?>
<testsuites name="TS-Abdelmouman" time="15.336" tests="1" failures="0" errors="0">
   <testsuite name="TS-Abdelmouman" tests="1" failures="0" errors="0" time="15.336" timestamp="2020-03-11 13:39:29" hostname="Abdelmoumen.m - DESKTOP-T78TDJH" id="Test Suites/TS-Abdelmouman">
      <properties>
         <property name="deviceName" value=""/>
         <property name="devicePlatform" value=""/>
         <property name="logFolder" value="C:\\Users\\Abdelmoumen.m\\git\\Test-EQUIPE\\Reports\\20200311_133923\\TS-Abdelmouman\\20200311_133923"/>
         <property name="logFiles" value="C:\\Users\\Abdelmoumen.m\\git\\Test-EQUIPE\\Reports\\20200311_133923\\TS-Abdelmouman\\20200311_133923\\execution0.log"/>
         <property name="attachments" value=""/>
         <property name="hostName" value="Abdelmoumen.m - DESKTOP-T78TDJH"/>
         <property name="os" value="Windows 10 64bit"/>
         <property name="katalonVersion" value="7.2.6.1"/>
         <property name="browser" value="Chrome 80.0.3987.122"/>
         <property name="hostAddress" value="192.168.1.157"/>
         <property name="sessionId" value="2c0cae765e52d5dcd5df4f7efa72e35b"/>
         <property name="seleniumVersion" value="3.141.59"/>
         <property name="proxyInformation" value="ProxyInformation{proxyOption=NO_PROXY, proxyServerType=HTTP, password=, proxyServerAddress=, proxyServerPort=0, executionList=}"/>
         <property name="platform" value="Windows 10"/>
      </properties>
      <testcase name="Test Cases/TC-Abdelmouman" time="13.998" classname="Test Cases/TC-Abdelmouman" status="PASSED">
         <system-out><![CDATA[2020-03-11 13:39:29 - [TEST_CASE][PASSED] - Test Cases/TC-Abdelmouman: Test Cases/TC-Abdelmouman

2020-03-11 13:39:29 - [TEST_STEP][PASSED] - openBrowser(""): Browser is opened with url: ''

2020-03-11 13:39:30 - [MESSAGE][INFO] - Starting 'Chrome' driver

2020-03-11 13:39:30 - [MESSAGE][INFO] - Action delay is set to 0 seconds

2020-03-11 13:39:36 - [MESSAGE][PASSED] - Browser is opened with url: ''

2020-03-11 13:39:36 - [TEST_STEP][PASSED] - navigateToUrl("https://preprod.iadfrance.fr/"): Navigate to 'https://preprod.iadfrance.fr/' successfully

2020-03-11 13:39:42 - [MESSAGE][PASSED] - Navigate to 'https://preprod.iadfrance.fr/' successfully

2020-03-11 13:39:42 - [TEST_STEP][PASSED] - click(findTestObject("Abdelmouman/Page_iad - Vente achat location maison appa_3091d3/a_PRESTIGE")): Object: 'Object Repository/Abdelmouman/Page_iad - Vente achat location maison appa_3091d3/a_PRESTIGE' is clicked on

2020-03-11 13:39:43 - [MESSAGE][PASSED] - Object: 'Object Repository/Abdelmouman/Page_iad - Vente achat location maison appa_3091d3/a_PRESTIGE' is clicked on]]></system-out>
         <system-err><![CDATA[]]></system-err>
      </testcase>
      <system-out><![CDATA[2020-03-11 13:39:29 - [TEST_SUITE][PASSED] - TS-Abdelmouman: Test Cases/TC-Abdelmouman]]></system-out>
      <system-err><![CDATA[]]></system-err>
   </testsuite>
</testsuites>
