<?xml version="1.0" encoding="UTF-8"?>
<testsuites name="jawad1" time="14.861" tests="1" failures="0" errors="0">
   <testsuite name="jawad1" tests="1" failures="0" errors="0" time="14.861" timestamp="2020-03-11 14:04:48" hostname="mohammed.o - DESKTOP-LLGMAUI" id="Test Suites/jawad1">
      <properties>
         <property name="deviceName" value=""/>
         <property name="devicePlatform" value=""/>
         <property name="logFolder" value="C:\\Users\\mohammed.o\\git\\Test-EQUIPE\\Reports\\20200311_140445\\jawad1\\20200311_140445"/>
         <property name="logFiles" value="C:\\Users\\mohammed.o\\git\\Test-EQUIPE\\Reports\\20200311_140445\\jawad1\\20200311_140445\\execution0.log"/>
         <property name="attachments" value=""/>
         <property name="hostName" value="mohammed.o - DESKTOP-LLGMAUI"/>
         <property name="os" value="Windows 10 64bit"/>
         <property name="katalonVersion" value="7.2.1.1"/>
         <property name="browser" value="Chrome 80.0.3987.122"/>
         <property name="hostAddress" value="192.168.1.140"/>
         <property name="sessionId" value="5ecf4beee92117e3ba194351729b6307"/>
         <property name="seleniumVersion" value="3.141.59"/>
         <property name="proxyInformation" value="ProxyInformation{proxyOption=NO_PROXY, proxyServerType=HTTP, password=, proxyServerAddress=, proxyServerPort=0, executionList=}"/>
         <property name="platform" value="Windows 10"/>
      </properties>
      <testcase name="Test Cases/case jawad" time="14.06" classname="Test Cases/case jawad" status="PASSED">
         <system-out><![CDATA[2020-03-11 14:04:49 - [TEST_CASE][PASSED] - Test Cases/case jawad: Test Cases/case jawad

2020-03-11 14:04:49 - [TEST_STEP][PASSED] - openBrowser(""): Browser is opened with url: ''

2020-03-11 14:04:49 - [MESSAGE][INFO] - Starting 'Chrome' driver

2020-03-11 14:04:49 - [MESSAGE][INFO] - Action delay is set to 0 seconds

2020-03-11 14:04:53 - [MESSAGE][PASSED] - Browser is opened with url: ''

2020-03-11 14:04:53 - [TEST_STEP][PASSED] - navigateToUrl("https://preprod.iadfrance.fr/"): Navigate to 'https://preprod.iadfrance.fr/' successfully

2020-03-11 14:05:00 - [MESSAGE][PASSED] - Navigate to 'https://preprod.iadfrance.fr/' successfully

2020-03-11 14:05:00 - [TEST_STEP][PASSED] - click(findTestObject("Object Repository/jawad/Page_iad - Vente achat location maison appa_3091d3/a_Acheter")): Object: 'Object Repository/jawad/Page_iad - Vente achat location maison appa_3091d3/a_Acheter' is clicked on

2020-03-11 14:05:02 - [MESSAGE][PASSED] - Object: 'Object Repository/jawad/Page_iad - Vente achat location maison appa_3091d3/a_Acheter' is clicked on

2020-03-11 14:05:02 - [TEST_STEP][PASSED] - closeBrowser(): Browser is closed

2020-03-11 14:05:03 - [MESSAGE][PASSED] - Browser is closed]]></system-out>
         <system-err><![CDATA[]]></system-err>
      </testcase>
      <system-out><![CDATA[2020-03-11 14:04:48 - [TEST_SUITE][PASSED] - jawad1: Test Cases/case jawad]]></system-out>
      <system-err><![CDATA[]]></system-err>
   </testsuite>
</testsuites>
